[LOG] System::create                           : Header version = 2.01.07. Current version = 2.01.07.
[LOG] Manager::init                            : maxchannels = 256 studioflags = 00000006 flags 00000000 extradriverdata 0000000000000000.
[LOG] SystemI::init                            : Initialize version=20107 (113487), maxchannels=256, flags=0x00020000
[LOG] SystemI::setOutputInternal               : Setting output to 'FMOD WASAPI Output'
[LOG] OutputWASAPI::init                       : Mix Format (WAVEFORMATEX): wFormatTag=0xFFFE, nChannels=2, nSamplesPerSec=48000, nAvgBytesPerSec=384000, nBlockAlign=8, wBitsPerSample=32, cbSize=22.
[LOG] OutputWASAPI::init                       : Mix Format (WAVEFORMATEXTENSIBLE): wValidBitsPerSample=32, dwChannelMask=0x00000003, SubFormat=00000003-0000-0010-8000-00AA00389B71.
[LOG] OutputWASAPI::init                       : Output buffer size: 4096 samples, latency: 0.00ms, period: 10.00ms, DSP buffer: 1024 * 4
[LOG] Thread::initThread                       : Init FMOD stream thread. Affinity: 0x8000000000000003, Priority: 0xFFFF7FFB, Stack Size: 98304, Semaphore: No, Sleep Time: 10, Looping: Yes.
[LOG] Thread::initThread                       : Init FMOD mixer thread. Affinity: 0x8000000000000001, Priority: 0xFFFF7FFA, Stack Size: 81920, Semaphore: No, Sleep Time: 0, Looping: Yes.
[LOG] AsyncManager::init                       : manager 000001DF583E42C8 isAsync 0 updatePeriod 0.02
[LOG] AsyncManager::init                       : done
[LOG] PlaybackSystem::init                     : 
[LOG] Thread::initThread                       : Init FMOD Studio sample load thread. Affinity: 0x8000000000000003, Priority: 0xFFFF7FFD, Stack Size: 98304, Semaphore: No, Sleep Time: 1, Looping: No.
[LOG] PlaybackSystem::init                     : done
[LOG] Thread::initThread                       : Init FMOD Studio bank load thread. Affinity: 0x8000000000000003, Priority: 0xFFFF7FFD, Stack Size: 98304, Semaphore: No, Sleep Time: 1, Looping: No.
[LOG] Manager::init                            : done.
[LOG] Manager::readBank                        : fileversion = 135, compatVersion = 132 (oldest = 44, newest = 135)
[LOG] SystemI::createSoundInternal             : Create name='', mode=0x02000202
[LOG] SystemI::createSoundInternal             : exinfo->cbsize             = 224
[LOG] SystemI::createSoundInternal             : exinfo->length             = 2087136
[LOG] SystemI::createSoundInternal             : exinfo->fileoffset         = 44160
[LOG] SystemI::createSoundInternal             : exinfo->numsubsounds       = 1
[LOG] SystemI::createSoundInternal             : exinfo->inclusionlist      = 0000001E58DFF118
[LOG] SystemI::createSoundInternal             : exinfo->inclusionlistnum   = 1
[LOG] SystemI::createSoundInternal             : exinfo->suggestedsoundtype = 5
[LOG] SystemI::createSoundInternal             : exinfo->useropen           = 00007FFCF4597B10
[LOG] SystemI::createSoundInternal             : exinfo->userclose          = 00007FFCF4597AE0
[LOG] SystemI::createSoundInternal             : exinfo->userread           = 00007FFCF4597BE0
[LOG] SystemI::createSoundInternal             : exinfo->userseek           = 00007FFCF4597CA0
[LOG] SystemI::createSoundInternal             : exinfo->fileuserdata       = 000001DFB57FF118
[LOG] SystemI::createSoundInternal             : exinfo->initialseekpostype = 1
[LOG] SystemI::DSPCodecPoolRegister            : register codec pool for pool type 5
[LOG] SystemI::createSoundInternal             : Sample 0/1: name='StartGameButtonSound', format=5, channels=2, frequency=48000, lengthbytes=25696, lengthpcm=120210, pcmblocksize=0, loopstart=0, loopend=0, mode=0x00000000, channelmask=0x00000000, channelorder=0, peakvolume=0.809509.
[LOG] SystemI::createSoundInternal             : Create name='', mode=0x02000202
[LOG] SystemI::createSoundInternal             : exinfo->cbsize             = 224
[LOG] SystemI::createSoundInternal             : exinfo->length             = 2087136
[LOG] SystemI::createSoundInternal             : exinfo->fileoffset         = 44160
[LOG] SystemI::createSoundInternal             : exinfo->numsubsounds       = 1
[LOG] SystemI::createSoundInternal             : exinfo->inclusionlist      = 0000001E58DFF118
[LOG] SystemI::createSoundInternal             : exinfo->inclusionlistnum   = 1
[LOG] SystemI::createSoundInternal             : exinfo->suggestedsoundtype = 5
[LOG] SystemI::createSoundInternal             : exinfo->useropen           = 00007FFCF4597B10
[LOG] SystemI::createSoundInternal             : exinfo->userclose          = 00007FFCF4597AE0
[LOG] SystemI::createSoundInternal             : exinfo->userread           = 00007FFCF4597BE0
[LOG] SystemI::createSoundInternal             : exinfo->userseek           = 00007FFCF4597CA0
[LOG] SystemI::createSoundInternal             : exinfo->fileuserdata       = 000001DFB5801848
[LOG] SystemI::createSoundInternal             : exinfo->initialseekpostype = 1
[LOG] SystemI::DSPCodecPoolRegister            : register codec pool for pool type 5
[LOG] SystemI::createSoundInternal             : Sample 0/1: name='WoodCreaking001', format=5, channels=2, frequency=48000, lengthbytes=15232, lengthpcm=81311, pcmblocksize=0, loopstart=0, loopend=0, mode=0x00000000, channelmask=0x00000000, channelorder=0, peakvolume=0.186019.
[LOG] SystemI::createSoundInternal             : Create name='', mode=0x02000202
[LOG] SystemI::createSoundInternal             : exinfo->cbsize             = 224
[LOG] SystemI::createSoundInternal             : exinfo->length             = 2087136
[LOG] SystemI::createSoundInternal             : exinfo->fileoffset         = 44160
[LOG] SystemI::createSoundInternal             : exinfo->numsubsounds       = 1
[LOG] SystemI::createSoundInternal             : exinfo->inclusionlist      = 0000001E58DFF118
[LOG] SystemI::createSoundInternal             : exinfo->inclusionlistnum   = 1
[LOG] SystemI::createSoundInternal             : exinfo->suggestedsoundtype = 5
[LOG] SystemI::createSoundInternal             : exinfo->useropen           = 00007FFCF4597B10
[LOG] SystemI::createSoundInternal             : exinfo->userclose          = 00007FFCF4597AE0
[LOG] SystemI::createSoundInternal             : exinfo->userread           = 00007FFCF4597BE0
[LOG] SystemI::createSoundInternal             : exinfo->userseek           = 00007FFCF4597CA0
[LOG] SystemI::createSoundInternal             : exinfo->fileuserdata       = 000001DFB5801848
[LOG] SystemI::createSoundInternal             : exinfo->initialseekpostype = 1
[LOG] SystemI::DSPCodecPoolRegister            : register codec pool for pool type 5
[LOG] SystemI::createSoundInternal             : Sample 0/1: name='WoodCreaking007', format=5, channels=2, frequency=48000, lengthbytes=36640, lengthpcm=150019, pcmblocksize=0, loopstart=0, loopend=0, mode=0x00000000, channelmask=0x00000000, channelorder=0, peakvolume=0.164289.
[LOG] SystemI::createSoundInternal             : Create name='', mode=0x02000202
[LOG] SystemI::createSoundInternal             : exinfo->cbsize             = 224
[LOG] SystemI::createSoundInternal             : exinfo->length             = 2087136
[LOG] SystemI::createSoundInternal             : exinfo->fileoffset         = 44160
[LOG] SystemI::createSoundInternal             : exinfo->numsubsounds       = 1
[LOG] SystemI::createSoundInternal             : exinfo->inclusionlist      = 0000001E58DFF118
[LOG] SystemI::createSoundInternal             : exinfo->inclusionlistnum   = 1
[LOG] SystemI::createSoundInternal             : exinfo->suggestedsoundtype = 5
[LOG] SystemI::createSoundInternal             : exinfo->useropen           = 00007FFCF4597B10
[LOG] SystemI::createSoundInternal             : exinfo->userclose          = 00007FFCF4597AE0
[LOG] SystemI::createSoundInternal             : exinfo->userread           = 00007FFCF4597BE0
[LOG] SystemI::createSoundInternal             : exinfo->userseek           = 00007FFCF4597CA0
[LOG] SystemI::createSoundInternal             : exinfo->fileuserdata       = 000001DFB5801848
[LOG] SystemI::createSoundInternal             : exinfo->initialseekpostype = 1
[LOG] SystemI::DSPCodecPoolRegister            : register codec pool for pool type 5
[LOG] SystemI::createSoundInternal             : Sample 0/1: name='WoodCreaking002', format=5, channels=2, frequency=48000, lengthbytes=19552, lengthpcm=88800, pcmblocksize=0, loopstart=0, loopend=0, mode=0x00000000, channelmask=0x00000000, channelorder=0, peakvolume=0.256239.
[LOG] SystemI::createSoundInternal             : Create name='', mode=0x02000202
[LOG] SystemI::createSoundInternal             : exinfo->cbsize             = 224
[LOG] SystemI::createSoundInternal             : exinfo->length             = 2087136
[LOG] SystemI::createSoundInternal             : exinfo->fileoffset         = 44160
[LOG] SystemI::createSoundInternal             : exinfo->numsubsounds       = 1
[LOG] SystemI::createSoundInternal             : exinfo->inclusionlist      = 0000001E58DFF118
[LOG] SystemI::createSoundInternal             : exinfo->inclusionlistnum   = 1
[LOG] SystemI::createSoundInternal             : exinfo->suggestedsoundtype = 5
[LOG] SystemI::createSoundInternal             : exinfo->useropen           = 00007FFCF4597B10
[LOG] SystemI::createSoundInternal             : exinfo->userclose          = 00007FFCF4597AE0
[LOG] SystemI::createSoundInternal             : exinfo->userread           = 00007FFCF4597BE0
[LOG] SystemI::createSoundInternal             : exinfo->userseek           = 00007FFCF4597CA0
[LOG] SystemI::createSoundInternal             : exinfo->fileuserdata       = 000001DFB5801848
[LOG] SystemI::createSoundInternal             : exinfo->initialseekpostype = 1
[LOG] SystemI::DSPCodecPoolRegister            : register codec pool for pool type 5
[LOG] SystemI::createSoundInternal             : Sample 0/1: name='WoodCreaking008', format=5, channels=2, frequency=48000, lengthbytes=29856, lengthpcm=177839, pcmblocksize=0, loopstart=0, loopend=0, mode=0x00000000, channelmask=0x00000000, channelorder=0, peakvolume=0.047015.
[LOG] SystemI::createSoundInternal             : Create name='', mode=0x02000202
[LOG] SystemI::createSoundInternal             : exinfo->cbsize             = 224
[LOG] SystemI::createSoundInternal             : exinfo->length             = 2087136
[LOG] SystemI::createSoundInternal             : exinfo->fileoffset         = 44160
[LOG] SystemI::createSoundInternal             : exinfo->numsubsounds       = 1
[LOG] SystemI::createSoundInternal             : exinfo->inclusionlist      = 0000001E58DFF118
[LOG] SystemI::createSoundInternal             : exinfo->inclusionlistnum   = 1
[LOG] SystemI::createSoundInternal             : exinfo->suggestedsoundtype = 5
[LOG] SystemI::createSoundInternal             : exinfo->useropen           = 00007FFCF4597B10
[LOG] SystemI::createSoundInternal             : exinfo->userclose          = 00007FFCF4597AE0
[LOG] SystemI::createSoundInternal             : exinfo->userread           = 00007FFCF4597BE0
[LOG] SystemI::createSoundInternal             : exinfo->userseek           = 00007FFCF4597CA0
[LOG] SystemI::createSoundInternal             : exinfo->fileuserdata       = 000001DFB5801848
[LOG] SystemI::createSoundInternal             : exinfo->initialseekpostype = 1
[LOG] SystemI::DSPCodecPoolRegister            : register codec pool for pool type 5
[LOG] SystemI::createSoundInternal             : Sample 0/1: name='WoodCreaking003', format=5, channels=2, frequency=48000, lengthbytes=17344, lengthpcm=97631, pcmblocksize=0, loopstart=0, loopend=0, mode=0x00000000, channelmask=0x00000000, channelorder=0, peakvolume=0.199057.
[LOG] SystemI::createSoundInternal             : Create name='', mode=0x02000202
[LOG] SystemI::createSoundInternal             : exinfo->cbsize             = 224
[LOG] SystemI::createSoundInternal             : exinfo->length             = 2087136
[LOG] SystemI::createSoundInternal             : exinfo->fileoffset         = 44160
[LOG] SystemI::createSoundInternal             : exinfo->numsubsounds       = 1
[LOG] SystemI::createSoundInternal             : exinfo->inclusionlist      = 0000001E58DFF118
[LOG] SystemI::createSoundInternal             : exinfo->inclusionlistnum   = 1
[LOG] SystemI::createSoundInternal             : exinfo->suggestedsoundtype = 5
[LOG] SystemI::createSoundInternal             : exinfo->useropen           = 00007FFCF4597B10
[LOG] SystemI::createSoundInternal             : exinfo->userclose          = 00007FFCF4597AE0
[LOG] SystemI::createSoundInternal             : exinfo->userread           = 00007FFCF4597BE0
[LOG] SystemI::createSoundInternal             : exinfo->userseek           = 00007FFCF4597CA0
[LOG] SystemI::createSoundInternal             : exinfo->fileuserdata       = 000001DFB5801848
[LOG] SystemI::createSoundInternal             : exinfo->initialseekpostype = 1
[LOG] SystemI::DSPCodecPoolRegister            : register codec pool for pool type 5
[LOG] SystemI::createSoundInternal             : Sample 0/1: name='WoodFalling', format=5, channels=2, frequency=48000, lengthbytes=17952, lengthpcm=74349, pcmblocksize=0, loopstart=0, loopend=0, mode=0x00000000, channelmask=0x00000000, channelorder=0, peakvolume=0.382246.
[LOG] SystemI::createSoundInternal             : Create name='', mode=0x02000202
[LOG] SystemI::createSoundInternal             : exinfo->cbsize             = 224
[LOG] SystemI::createSoundInternal             : exinfo->length             = 2087136
[LOG] SystemI::createSoundInternal             : exinfo->fileoffset         = 44160
[LOG] SystemI::createSoundInternal             : exinfo->numsubsounds       = 1
[LOG] SystemI::createSoundInternal             : exinfo->inclusionlist      = 0000001E58DFF118
[LOG] SystemI::createSoundInternal             : exinfo->inclusionlistnum   = 1
[LOG] SystemI::createSoundInternal             : exinfo->suggestedsoundtype = 5
[LOG] SystemI::createSoundInternal             : exinfo->useropen           = 00007FFCF4597B10
[LOG] SystemI::createSoundInternal             : exinfo->userclose          = 00007FFCF4597AE0
[LOG] SystemI::createSoundInternal             : exinfo->userread           = 00007FFCF4597BE0
[LOG] SystemI::createSoundInternal             : exinfo->userseek           = 00007FFCF4597CA0
[LOG] SystemI::createSoundInternal             : exinfo->fileuserdata       = 000001DFB5801848
[LOG] SystemI::createSoundInternal             : exinfo->initialseekpostype = 1
[LOG] SystemI::DSPCodecPoolRegister            : register codec pool for pool type 5
[LOG] SystemI::createSoundInternal             : Sample 0/1: name='WoodCreaking005', format=5, channels=2, frequency=48000, lengthbytes=47232, lengthpcm=194431, pcmblocksize=0, loopstart=0, loopend=0, mode=0x00000000, channelmask=0x00000000, channelorder=0, peakvolume=0.145136.
[LOG] SystemI::createSoundInternal             : Create name='', mode=0x02000202
[LOG] SystemI::createSoundInternal             : exinfo->cbsize             = 224
[LOG] SystemI::createSoundInternal             : exinfo->length             = 2087136
[LOG] SystemI::createSoundInternal             : exinfo->fileoffset         = 44160
[LOG] SystemI::createSoundInternal             : exinfo->numsubsounds       = 1
[LOG] SystemI::createSoundInternal             : exinfo->inclusionlist      = 0000001E58DFF118
[LOG] SystemI::createSoundInternal             : exinfo->inclusionlistnum   = 1
[LOG] SystemI::createSoundInternal             : exinfo->suggestedsoundtype = 5
[LOG] SystemI::createSoundInternal             : exinfo->useropen           = 00007FFCF4597B10
[LOG] SystemI::createSoundInternal             : exinfo->userclose          = 00007FFCF4597AE0
[LOG] SystemI::createSoundInternal             : exinfo->userread           = 00007FFCF4597BE0
[LOG] SystemI::createSoundInternal             : exinfo->userseek           = 00007FFCF4597CA0
[LOG] SystemI::createSoundInternal             : exinfo->fileuserdata       = 000001DFB5801848
[LOG] SystemI::createSoundInternal             : exinfo->initialseekpostype = 1
[LOG] SystemI::DSPCodecPoolRegister            : register codec pool for pool type 5
[LOG] SystemI::createSoundInternal             : Sample 0/1: name='PianoMoving002', format=5, channels=2, frequency=48000, lengthbytes=24064, lengthpcm=137682, pcmblocksize=0, loopstart=0, loopend=0, mode=0x00000000, channelmask=0x00000000, channelorder=0, peakvolume=0.107062.
[LOG] SystemI::createSoundInternal             : Create name='', mode=0x02000202
[LOG] SystemI::createSoundInternal             : exinfo->cbsize             = 224
[LOG] SystemI::createSoundInternal             : exinfo->length             = 2087136
[LOG] SystemI::createSoundInternal             : exinfo->fileoffset         = 44160
[LOG] SystemI::createSoundInternal             : exinfo->numsubsounds       = 1
[LOG] SystemI::createSoundInternal             : exinfo->inclusionlist      = 0000001E58DFF118
[LOG] SystemI::createSoundInternal             : exinfo->inclusionlistnum   = 1
[LOG] SystemI::createSoundInternal             : exinfo->suggestedsoundtype = 5
[LOG] SystemI::createSoundInternal             : exinfo->useropen           = 00007FFCF4597B10
[LOG] SystemI::createSoundInternal             : exinfo->userclose          = 00007FFCF4597AE0
[LOG] SystemI::createSoundInternal             : exinfo->userread           = 00007FFCF4597BE0
[LOG] SystemI::createSoundInternal             : exinfo->userseek           = 00007FFCF4597CA0
[LOG] SystemI::createSoundInternal             : exinfo->fileuserdata       = 000001DFB5801848
[LOG] SystemI::createSoundInternal             : exinfo->initialseekpostype = 1
[LOG] SystemI::DSPCodecPoolRegister            : register codec pool for pool type 5
[LOG] SystemI::createSoundInternal             : Sample 0/1: name='WoodCreaking004', format=5, channels=2, frequency=48000, lengthbytes=17984, lengthpcm=90342, pcmblocksize=0, loopstart=0, loopend=0, mode=0x00000000, channelmask=0x00000000, channelorder=0, peakvolume=0.217221.
[LOG] SystemI::createSoundInternal             : Create name='', mode=0x02000202
[LOG] SystemI::createSoundInternal             : exinfo->cbsize             = 224
[LOG] SystemI::createSoundInternal             : exinfo->length             = 2087136
[LOG] SystemI::createSoundInternal             : exinfo->fileoffset         = 44160
[LOG] SystemI::createSoundInternal             : exinfo->numsubsounds       = 1
[LOG] SystemI::createSoundInternal             : exinfo->inclusionlist      = 0000001E58DFF118
[LOG] SystemI::createSoundInternal             : exinfo->inclusionlistnum   = 1
[LOG] SystemI::createSoundInternal             : exinfo->suggestedsoundtype = 5
[LOG] SystemI::createSoundInternal             : exinfo->useropen           = 00007FFCF4597B10
[LOG] SystemI::createSoundInternal             : exinfo->userclose          = 00007FFCF4597AE0
[LOG] SystemI::createSoundInternal             : exinfo->userread           = 00007FFCF4597BE0
[LOG] SystemI::createSoundInternal             : exinfo->userseek           = 00007FFCF4597CA0
[LOG] SystemI::createSoundInternal             : exinfo->fileuserdata       = 000001DFB5801848
[LOG] SystemI::createSoundInternal             : exinfo->initialseekpostype = 1
[LOG] SystemI::DSPCodecPoolRegister            : register codec pool for pool type 5
[LOG] SystemI::createSoundInternal             : Sample 0/1: name='WoodCreaking006', format=5, channels=2, frequency=48000, lengthbytes=62432, lengthpcm=243255, pcmblocksize=0, loopstart=0, loopend=0, mode=0x00000000, channelmask=0x00000000, channelorder=0, peakvolume=0.157153.
[LOG] SystemI::createSoundInternal             : Create name='', mode=0x02000202
[LOG] SystemI::createSoundInternal             : exinfo->cbsize             = 224
[LOG] SystemI::createSoundInternal             : exinfo->length             = 2087136
[LOG] SystemI::createSoundInternal             : exinfo->fileoffset         = 44160
[LOG] SystemI::createSoundInternal             : exinfo->numsubsounds       = 1
[LOG] SystemI::createSoundInternal             : exinfo->inclusionlist      = 0000001E58DFF118
[LOG] SystemI::createSoundInternal             : exinfo->inclusionlistnum   = 1
[LOG] SystemI::createSoundInternal             : exinfo->suggestedsoundtype = 5
[LOG] SystemI::createSoundInternal             : exinfo->useropen           = 00007FFCF4597B10
[LOG] SystemI::createSoundInternal             : exinfo->userclose          = 00007FFCF4597AE0
[LOG] SystemI::createSoundInternal             : exinfo->userread           = 00007FFCF4597BE0
[LOG] SystemI::createSoundInternal             : exinfo->userseek           = 00007FFCF4597CA0
[LOG] SystemI::createSoundInternal             : exinfo->fileuserdata       = 000001DFB5801848
[LOG] SystemI::createSoundInternal             : exinfo->initialseekpostype = 1
[LOG] SystemI::DSPCodecPoolRegister            : register codec pool for pool type 5
[LOG] SystemI::createSoundInternal             : Sample 0/1: name='PianoMoving001', format=5, channels=2, frequency=48000, lengthbytes=60352, lengthpcm=296656, pcmblocksize=0, loopstart=0, loopend=0, mode=0x00000000, channelmask=0x00000000, channelorder=0, peakvolume=0.126437.
[LOG] SystemI::createSound                     : filename = Assets\AudioFMOD\Build\Desktop/Master.bank : mode 02010082
[LOG] SystemI::createSound                     : FMOD_NONBLOCKING specified.  Putting into queue to be opened asynchronously!
[LOG] Thread::initThread                       : Init FMOD nonblocking thread (0). Affinity: 0x8000000000000003, Priority: 0xFFFF7FFC, Stack Size: 114688, Semaphore: Yes, Sleep Time: 0, Looping: Yes.
[LOG] SystemI::createSound                     : setdata soundi = 000001E046295C68 : node = 000001DFB5468C00
[LOG] SystemI::createSound                     : add node to async list : head = 000001DFB2B4F0D8.  list count = 0
[LOG] AsyncThread::threadFunc                  : Starting Asynchronous operation on sound 000001E046295C68
[LOG] SystemI::createSoundInternal             :     Create name='Assets\AudioFMOD\Build\Desktop/Master.bank', mode=0x02010082
[LOG] SystemI::createSoundInternal             :     exinfo->cbsize             = 224
[LOG] SystemI::createSoundInternal             :     exinfo->length             = 2087136
[LOG] SystemI::createSoundInternal             :     exinfo->fileoffset         = 44160
[LOG] SystemI::createSoundInternal             :     exinfo->numsubsounds       = 1
[LOG] SystemI::createSoundInternal             :     exinfo->inclusionlist      = 000001DFB5468D10
[LOG] SystemI::createSoundInternal             :     exinfo->inclusionlistnum   = 1
[LOG] SystemI::createSoundInternal             :     exinfo->suggestedsoundtype = 5
[LOG] SystemI::createSoundInternal             :     exinfo->initialseekpostype = 1
[LOG] SystemI::createSoundInternal             :     Stream 0/1: name='background_drone', format=5, channels=2, frequency=48000, lengthbytes=1132800, lengthpcm=5760000, pcmblocksize=0, loopstart=0, loopend=0, mode=0x00000000, channelmask=0x00000000, channelorder=0, peakvolume=0.229188.
[LOG] Thread::initThread                       :     Init FMOD file thread. Affinity: 0x8000000000000003, Priority: 0xFFFF7FFC, Stack Size: 49152, Semaphore: No, Sleep Time: 10, Looping: Yes.
[LOG] AsyncThread::threadFunc                  : Finished Asynchronous operation on sound 000001E046295C68
[LOG] SystemI::createSoundInternal             : Create name='', mode=0x02000202
[LOG] SystemI::createSoundInternal             : exinfo->cbsize             = 224
[LOG] SystemI::createSoundInternal             : exinfo->length             = 2087136
[LOG] SystemI::createSoundInternal             : exinfo->fileoffset         = 44160
[LOG] SystemI::createSoundInternal             : exinfo->numsubsounds       = 1
[LOG] SystemI::createSoundInternal             : exinfo->inclusionlist      = 0000001E58DFF118
[LOG] SystemI::createSoundInternal             : exinfo->inclusionlistnum   = 1
[LOG] SystemI::createSoundInternal             : exinfo->suggestedsoundtype = 5
[LOG] SystemI::createSoundInternal             : exinfo->useropen           = 00007FFCF4597B10
[LOG] SystemI::createSoundInternal             : exinfo->userclose          = 00007FFCF4597AE0
[LOG] SystemI::createSoundInternal             : exinfo->userread           = 00007FFCF4597BE0
[LOG] SystemI::createSoundInternal             : exinfo->userseek           = 00007FFCF4597CA0
[LOG] SystemI::createSoundInternal             : exinfo->fileuserdata       = 000001DFB57FC5C8
[LOG] SystemI::createSoundInternal             : exinfo->initialseekpostype = 1
[LOG] SystemI::DSPCodecPoolRegister            : register codec pool for pool type 5
[LOG] SystemI::createSoundInternal             : Sample 0/1: name='Step_Metal_006', format=5, channels=2, frequency=48000, lengthbytes=2816, lengthpcm=60314, pcmblocksize=0, loopstart=0, loopend=0, mode=0x00000000, channelmask=0x00000000, channelorder=0, peakvolume=0.093613.
[LOG] SystemI::createSoundInternal             : Create name='', mode=0x02000202
[LOG] SystemI::createSoundInternal             : exinfo->cbsize             = 224
[LOG] SystemI::createSoundInternal             : exinfo->length             = 2087136
[LOG] SystemI::createSoundInternal             : exinfo->fileoffset         = 44160
[LOG] SystemI::createSoundInternal             : exinfo->numsubsounds       = 1
[LOG] SystemI::createSoundInternal             : exinfo->inclusionlist      = 0000001E58DFF118
[LOG] SystemI::createSoundInternal             : exinfo->inclusionlistnum   = 1
[LOG] SystemI::createSoundInternal             : exinfo->suggestedsoundtype = 5
[LOG] SystemI::createSoundInternal             : exinfo->useropen           = 00007FFCF4597B10
[LOG] SystemI::createSoundInternal             : exinfo->userclose          = 00007FFCF4597AE0
[LOG] SystemI::createSoundInternal             : exinfo->userread           = 00007FFCF4597BE0
[LOG] SystemI::createSoundInternal             : exinfo->userseek           = 00007FFCF4597CA0
[LOG] SystemI::createSoundInternal             : exinfo->fileuserdata       = 000001DFB57FC5C8
[LOG] SystemI::createSoundInternal             : exinfo->initialseekpostype = 1
[LOG] SystemI::DSPCodecPoolRegister            : register codec pool for pool type 5
[LOG] SystemI::createSoundInternal             : Sample 0/1: name='Step_Wood_-001', format=5, channels=2, frequency=48000, lengthbytes=3712, lengthpcm=65000, pcmblocksize=0, loopstart=0, loopend=0, mode=0x00000000, channelmask=0x00000000, channelorder=0, peakvolume=0.175052.
[LOG] SystemI::createSoundInternal             : Create name='', mode=0x02000202
[LOG] SystemI::createSoundInternal             : exinfo->cbsize             = 224
[LOG] SystemI::createSoundInternal             : exinfo->length             = 2087136
[LOG] SystemI::createSoundInternal             : exinfo->fileoffset         = 44160
[LOG] SystemI::createSoundInternal             : exinfo->numsubsounds       = 1
[LOG] SystemI::createSoundInternal             : exinfo->inclusionlist      = 0000001E58DFF118
[LOG] SystemI::createSoundInternal             : exinfo->inclusionlistnum   = 1
[LOG] SystemI::createSoundInternal             : exinfo->suggestedsoundtype = 5
[LOG] SystemI::createSoundInternal             : exinfo->useropen           = 00007FFCF4597B10
[LOG] SystemI::createSoundInternal             : exinfo->userclose          = 00007FFCF4597AE0
[LOG] SystemI::createSoundInternal             : exinfo->userread           = 00007FFCF4597BE0
[LOG] SystemI::createSoundInternal             : exinfo->userseek           = 00007FFCF4597CA0
[LOG] SystemI::createSoundInternal             : exinfo->fileuserdata       = 000001DFB57FC5C8
[LOG] SystemI::createSoundInternal             : exinfo->initialseekpostype = 1
[LOG] SystemI::DSPCodecPoolRegister            : register codec pool for pool type 5
[LOG] SystemI::createSoundInternal             : Sample 0/1: name='Step_Wood_-011', format=5, channels=2, frequency=48000, lengthbytes=3552, lengthpcm=64667, pcmblocksize=0, loopstart=0, loopend=0, mode=0x00000000, channelmask=0x00000000, channelorder=0, peakvolume=0.041337.
[LOG] SystemI::createSoundInternal             : Create name='', mode=0x02000202
[LOG] SystemI::createSoundInternal             : exinfo->cbsize             = 224
[LOG] SystemI::createSoundInternal             : exinfo->length             = 2087136
[LOG] SystemI::createSoundInternal             : exinfo->fileoffset         = 44160
[LOG] SystemI::createSoundInternal             : exinfo->numsubsounds       = 1
[LOG] SystemI::createSoundInternal             : exinfo->inclusionlist      = 0000001E58DFF118
[LOG] SystemI::createSoundInternal             : exinfo->inclusionlistnum   = 1
[LOG] SystemI::createSoundInternal             : exinfo->suggestedsoundtype = 5
[LOG] SystemI::createSoundInternal             : exinfo->useropen           = 00007FFCF4597B10
[LOG] SystemI::createSoundInternal             : exinfo->userclose          = 00007FFCF4597AE0
[LOG] SystemI::createSoundInternal             : exinfo->userread           = 00007FFCF4597BE0
[LOG] SystemI::createSoundInternal             : exinfo->userseek           = 00007FFCF4597CA0
[LOG] SystemI::createSoundInternal             : exinfo->fileuserdata       = 000001DFB57FC5C8
[LOG] SystemI::createSoundInternal             : exinfo->initialseekpostype = 1
[LOG] SystemI::DSPCodecPoolRegister            : register codec pool for pool type 5
[LOG] SystemI::createSoundInternal             : Sample 0/1: name='Step_Metal_001', format=5, channels=2, frequency=48000, lengthbytes=2624, lengthpcm=11644, pcmblocksize=0, loopstart=0, loopend=0, mode=0x00000000, channelmask=0x00000000, channelorder=0, peakvolume=0.068504.
[LOG] SystemI::createSoundInternal             : Create name='', mode=0x02000202
[LOG] SystemI::createSoundInternal             : exinfo->cbsize             = 224
[LOG] SystemI::createSoundInternal             : exinfo->length             = 2087136
[LOG] SystemI::createSoundInternal             : exinfo->fileoffset         = 44160
[LOG] SystemI::createSoundInternal             : exinfo->numsubsounds       = 1
[LOG] SystemI::createSoundInternal             : exinfo->inclusionlist      = 0000001E58DFF118
[LOG] SystemI::createSoundInternal             : exinfo->inclusionlistnum   = 1
[LOG] SystemI::createSoundInternal             : exinfo->suggestedsoundtype = 5
[LOG] SystemI::createSoundInternal             : exinfo->useropen           = 00007FFCF4597B10
[LOG] SystemI::createSoundInternal             : exinfo->userclose          = 00007FFCF4597AE0
[LOG] SystemI::createSoundInternal             : exinfo->userread           = 00007FFCF4597BE0
[LOG] SystemI::createSoundInternal             : exinfo->userseek           = 00007FFCF4597CA0
[LOG] SystemI::createSoundInternal             : exinfo->fileuserdata       = 000001DFB57FC5C8
[LOG] SystemI::createSoundInternal             : exinfo->initialseekpostype = 1
[LOG] SystemI::DSPCodecPoolRegister            : register codec pool for pool type 5
[LOG] SystemI::createSoundInternal             : Sample 0/1: name='Step_Wood_-003', format=5, channels=2, frequency=48000, lengthbytes=3328, lengthpcm=62999, pcmblocksize=0, loopstart=0, loopend=0, mode=0x00000000, channelmask=0x00000000, channelorder=0, peakvolume=0.103934.
[LOG] SystemI::createSoundInternal             : Create name='', mode=0x02000202
[LOG] SystemI::createSoundInternal             : exinfo->cbsize             = 224
[LOG] SystemI::createSoundInternal             : exinfo->length             = 2087136
[LOG] SystemI::createSoundInternal             : exinfo->fileoffset         = 44160
[LOG] SystemI::createSoundInternal             : exinfo->numsubsounds       = 1
[LOG] SystemI::createSoundInternal             : exinfo->inclusionlist      = 0000001E58DFF118
[LOG] SystemI::createSoundInternal             : exinfo->inclusionlistnum   = 1
[LOG] SystemI::createSoundInternal             : exinfo->suggestedsoundtype = 5
[LOG] SystemI::createSoundInternal             : exinfo->useropen           = 00007FFCF4597B10
[LOG] SystemI::createSoundInternal             : exinfo->userclose          = 00007FFCF4597AE0
[LOG] SystemI::createSoundInternal             : exinfo->userread           = 00007FFCF4597BE0
[LOG] SystemI::createSoundInternal             : exinfo->userseek           = 00007FFCF4597CA0
[LOG] SystemI::createSoundInternal             : exinfo->fileuserdata       = 000001DFB57FC5C8
[LOG] SystemI::createSoundInternal             : exinfo->initialseekpostype = 1
[LOG] SystemI::DSPCodecPoolRegister            : register codec pool for pool type 5
[LOG] SystemI::createSoundInternal             : Sample 0/1: name='Step_Metal_002', format=5, channels=2, frequency=48000, lengthbytes=2688, lengthpcm=11824, pcmblocksize=0, loopstart=0, loopend=0, mode=0x00000000, channelmask=0x00000000, channelorder=0, peakvolume=0.150468.
[LOG] SystemI::createSoundInternal             : Create name='', mode=0x02000202
[LOG] SystemI::createSoundInternal             : exinfo->cbsize             = 224
[LOG] SystemI::createSoundInternal             : exinfo->length             = 2087136
[LOG] SystemI::createSoundInternal             : exinfo->fileoffset         = 44160
[LOG] SystemI::createSoundInternal             : exinfo->numsubsounds       = 1
[LOG] SystemI::createSoundInternal             : exinfo->inclusionlist      = 0000001E58DFF118
[LOG] SystemI::createSoundInternal             : exinfo->inclusionlistnum   = 1
[LOG] SystemI::createSoundInternal             : exinfo->suggestedsoundtype = 5
[LOG] SystemI::createSoundInternal             : exinfo->useropen           = 00007FFCF4597B10
[LOG] SystemI::createSoundInternal             : exinfo->userclose          = 00007FFCF4597AE0
[LOG] SystemI::createSoundInternal             : exinfo->userread           = 00007FFCF4597BE0
[LOG] SystemI::createSoundInternal             : exinfo->userseek           = 00007FFCF4597CA0
[LOG] SystemI::createSoundInternal             : exinfo->fileuserdata       = 000001DFB57FC5C8
[LOG] SystemI::createSoundInternal             : exinfo->initialseekpostype = 1
[LOG] SystemI::DSPCodecPoolRegister            : register codec pool for pool type 5
[LOG] SystemI::createSoundInternal             : Sample 0/1: name='Step_Metal_007', format=5, channels=2, frequency=48000, lengthbytes=2464, lengthpcm=59130, pcmblocksize=0, loopstart=0, loopend=0, mode=0x00000000, channelmask=0x00000000, channelorder=0, peakvolume=0.081024.
[LOG] SystemI::createSoundInternal             : Create name='', mode=0x02000202
[LOG] SystemI::createSoundInternal             : exinfo->cbsize             = 224
[LOG] SystemI::createSoundInternal             : exinfo->length             = 2087136
[LOG] SystemI::createSoundInternal             : exinfo->fileoffset         = 44160
[LOG] SystemI::createSoundInternal             : exinfo->numsubsounds       = 1
[LOG] SystemI::createSoundInternal             : exinfo->inclusionlist      = 0000001E58DFF118
[LOG] SystemI::createSoundInternal             : exinfo->inclusionlistnum   = 1
[LOG] SystemI::createSoundInternal             : exinfo->suggestedsoundtype = 5
[LOG] SystemI::createSoundInternal             : exinfo->useropen           = 00007FFCF4597B10
[LOG] SystemI::createSoundInternal             : exinfo->userclose          = 00007FFCF4597AE0
[LOG] SystemI::createSoundInternal             : exinfo->userread           = 00007FFCF4597BE0
[LOG] SystemI::createSoundInternal             : exinfo->userseek           = 00007FFCF4597CA0
[LOG] SystemI::createSoundInternal             : exinfo->fileuserdata       = 000001DFB57FC5C8
[LOG] SystemI::createSoundInternal             : exinfo->initialseekpostype = 1
[LOG] SystemI::DSPCodecPoolRegister            : register codec pool for pool type 5
[LOG] SystemI::createSoundInternal             : Sample 0/1: name='Step_Wood_-005', format=5, channels=2, frequency=48000, lengthbytes=4448, lengthpcm=69333, pcmblocksize=0, loopstart=0, loopend=0, mode=0x00000000, channelmask=0x00000000, channelorder=0, peakvolume=0.076614.
[LOG] SystemI::createSoundInternal             : Create name='', mode=0x02000202
[LOG] SystemI::createSoundInternal             : exinfo->cbsize             = 224
[LOG] SystemI::createSoundInternal             : exinfo->length             = 2087136
[LOG] SystemI::createSoundInternal             : exinfo->fileoffset         = 44160
[LOG] SystemI::createSoundInternal             : exinfo->numsubsounds       = 1
[LOG] SystemI::createSoundInternal             : exinfo->inclusionlist      = 0000001E58DFF118
[LOG] SystemI::createSoundInternal             : exinfo->inclusionlistnum   = 1
[LOG] SystemI::createSoundInternal             : exinfo->suggestedsoundtype = 5
[LOG] SystemI::createSoundInternal             : exinfo->useropen           = 00007FFCF4597B10
[LOG] SystemI::createSoundInternal             : exinfo->userclose          = 00007FFCF4597AE0
[LOG] SystemI::createSoundInternal             : exinfo->userread           = 00007FFCF4597BE0
[LOG] SystemI::createSoundInternal             : exinfo->userseek           = 00007FFCF4597CA0
[LOG] SystemI::createSoundInternal             : exinfo->fileuserdata       = 000001DFB57FC5C8
[LOG] SystemI::createSoundInternal             : exinfo->initialseekpostype = 1
[LOG] SystemI::DSPCodecPoolRegister            : register codec pool for pool type 5
[LOG] SystemI::createSoundInternal             : Sample 0/1: name='Step_Metal_008', format=5, channels=2, frequency=48000, lengthbytes=3424, lengthpcm=63698, pcmblocksize=0, loopstart=0, loopend=0, mode=0x00000000, channelmask=0x00000000, channelorder=0, peakvolume=0.061777.
[LOG] SystemI::createSoundInternal             : Create name='', mode=0x02000202
[LOG] SystemI::createSoundInternal             : exinfo->cbsize             = 224
[LOG] SystemI::createSoundInternal             : exinfo->length             = 2087136
[LOG] SystemI::createSoundInternal             : exinfo->fileoffset         = 44160
[LOG] SystemI::createSoundInternal             : exinfo->numsubsounds       = 1
[LOG] SystemI::createSoundInternal             : exinfo->inclusionlist      = 0000001E58DFF118
[LOG] SystemI::createSoundInternal             : exinfo->inclusionlistnum   = 1
[LOG] SystemI::createSoundInternal             : exinfo->suggestedsoundtype = 5
[LOG] SystemI::createSoundInternal             : exinfo->useropen           = 00007FFCF4597B10
[LOG] SystemI::createSoundInternal             : exinfo->userclose          = 00007FFCF4597AE0
[LOG] SystemI::createSoundInternal             : exinfo->userread           = 00007FFCF4597BE0
[LOG] SystemI::createSoundInternal             : exinfo->userseek           = 00007FFCF4597CA0
[LOG] SystemI::createSoundInternal             : exinfo->fileuserdata       = 000001DFB57FC5C8
[LOG] SystemI::createSoundInternal             : exinfo->initialseekpostype = 1
[LOG] SystemI::DSPCodecPoolRegister            : register codec pool for pool type 5
[LOG] SystemI::createSoundInternal             : Sample 0/1: name='Step_Metal_004', format=5, channels=2, frequency=48000, lengthbytes=2592, lengthpcm=12006, pcmblocksize=0, loopstart=0, loopend=0, mode=0x00000000, channelmask=0x00000000, channelorder=0, peakvolume=0.090851.
[LOG] SystemI::createSoundInternal             : Create name='', mode=0x02000202
[LOG] SystemI::createSoundInternal             : exinfo->cbsize             = 224
[LOG] SystemI::createSoundInternal             : exinfo->length             = 2087136
[LOG] SystemI::createSoundInternal             : exinfo->fileoffset         = 44160
[LOG] SystemI::createSoundInternal             : exinfo->numsubsounds       = 1
[LOG] SystemI::createSoundInternal             : exinfo->inclusionlist      = 0000001E58DFF118
[LOG] SystemI::createSoundInternal             : exinfo->inclusionlistnum   = 1
[LOG] SystemI::createSoundInternal             : exinfo->suggestedsoundtype = 5
[LOG] SystemI::createSoundInternal             : exinfo->useropen           = 00007FFCF4597B10
[LOG] SystemI::createSoundInternal             : exinfo->userclose          = 00007FFCF4597AE0
[LOG] SystemI::createSoundInternal             : exinfo->userread           = 00007FFCF4597BE0
[LOG] SystemI::createSoundInternal             : exinfo->userseek           = 00007FFCF4597CA0
[LOG] SystemI::createSoundInternal             : exinfo->fileuserdata       = 000001DFB57FC5C8
[LOG] SystemI::createSoundInternal             : exinfo->initialseekpostype = 1
[LOG] SystemI::DSPCodecPoolRegister            : register codec pool for pool type 5
[LOG] SystemI::createSoundInternal             : Sample 0/1: name='Step_Wood_-007', format=5, channels=2, frequency=48000, lengthbytes=4160, lengthpcm=68000, pcmblocksize=0, loopstart=0, loopend=0, mode=0x00000000, channelmask=0x00000000, channelorder=0, peakvolume=0.084260.
[LOG] SystemI::createSoundInternal             : Create name='', mode=0x02000202
[LOG] SystemI::createSoundInternal             : exinfo->cbsize             = 224
[LOG] SystemI::createSoundInternal             : exinfo->length             = 2087136
[LOG] SystemI::createSoundInternal             : exinfo->fileoffset         = 44160
[LOG] SystemI::createSoundInternal             : exinfo->numsubsounds       = 1
[LOG] SystemI::createSoundInternal             : exinfo->inclusionlist      = 0000001E58DFF118
[LOG] SystemI::createSoundInternal             : exinfo->inclusionlistnum   = 1
[LOG] SystemI::createSoundInternal             : exinfo->suggestedsoundtype = 5
[LOG] SystemI::createSoundInternal             : exinfo->useropen           = 00007FFCF4597B10
[LOG] SystemI::createSoundInternal             : exinfo->userclose          = 00007FFCF4597AE0
[LOG] SystemI::createSoundInternal             : exinfo->userread           = 00007FFCF4597BE0
[LOG] SystemI::createSoundInternal             : exinfo->userseek           = 00007FFCF4597CA0
[LOG] SystemI::createSoundInternal             : exinfo->fileuserdata       = 000001DFB57FC5C8
[LOG] SystemI::createSoundInternal             : exinfo->initialseekpostype = 1
[LOG] SystemI::DSPCodecPoolRegister            : register codec pool for pool type 5
[LOG] SystemI::createSoundInternal             : Sample 0/1: name='Step_Wood_-008', format=5, channels=2, frequency=48000, lengthbytes=4384, lengthpcm=69000, pcmblocksize=0, loopstart=0, loopend=0, mode=0x00000000, channelmask=0x00000000, channelorder=0, peakvolume=0.049347.
[LOG] SystemI::createSoundInternal             : Create name='', mode=0x02000202
[LOG] SystemI::createSoundInternal             : exinfo->cbsize             = 224
[LOG] SystemI::createSoundInternal             : exinfo->length             = 2087136
[LOG] SystemI::createSoundInternal             : exinfo->fileoffset         = 44160
[LOG] SystemI::createSoundInternal             : exinfo->numsubsounds       = 1
[LOG] SystemI::createSoundInternal             : exinfo->inclusionlist      = 0000001E58DFF118
[LOG] SystemI::createSoundInternal             : exinfo->inclusionlistnum   = 1
[LOG] SystemI::createSoundInternal             : exinfo->suggestedsoundtype = 5
[LOG] SystemI::createSoundInternal             : exinfo->useropen           = 00007FFCF4597B10
[LOG] SystemI::createSoundInternal             : exinfo->userclose          = 00007FFCF4597AE0
[LOG] SystemI::createSoundInternal             : exinfo->userread           = 00007FFCF4597BE0
[LOG] SystemI::createSoundInternal             : exinfo->userseek           = 00007FFCF4597CA0
[LOG] SystemI::createSoundInternal             : exinfo->fileuserdata       = 000001DFB57FC5C8
[LOG] SystemI::createSoundInternal             : exinfo->initialseekpostype = 1
[LOG] SystemI::DSPCodecPoolRegister            : register codec pool for pool type 5
[LOG] SystemI::createSoundInternal             : Sample 0/1: name='Step_Metal_005', format=5, channels=2, frequency=48000, lengthbytes=2528, lengthpcm=58656, pcmblocksize=0, loopstart=0, loopend=0, mode=0x00000000, channelmask=0x00000000, channelorder=0, peakvolume=0.035896.
[LOG] SystemI::createSoundInternal             : Create name='', mode=0x02000202
[LOG] SystemI::createSoundInternal             : exinfo->cbsize             = 224
[LOG] SystemI::createSoundInternal             : exinfo->length             = 2087136
[LOG] SystemI::createSoundInternal             : exinfo->fileoffset         = 44160
[LOG] SystemI::createSoundInternal             : exinfo->numsubsounds       = 1
[LOG] SystemI::createSoundInternal             : exinfo->inclusionlist      = 0000001E58DFF118
[LOG] SystemI::createSoundInternal             : exinfo->inclusionlistnum   = 1
[LOG] SystemI::createSoundInternal             : exinfo->suggestedsoundtype = 5
[LOG] SystemI::createSoundInternal             : exinfo->useropen           = 00007FFCF4597B10
[LOG] SystemI::createSoundInternal             : exinfo->userclose          = 00007FFCF4597AE0
[LOG] SystemI::createSoundInternal             : exinfo->userread           = 00007FFCF4597BE0
[LOG] SystemI::createSoundInternal             : exinfo->userseek           = 00007FFCF4597CA0
[LOG] SystemI::createSoundInternal             : exinfo->fileuserdata       = 000001DFB57FC5C8
[LOG] SystemI::createSoundInternal             : exinfo->initialseekpostype = 1
[LOG] SystemI::DSPCodecPoolRegister            : register codec pool for pool type 5
[LOG] SystemI::createSoundInternal             : Sample 0/1: name='Step_Wood_-004', format=5, channels=2, frequency=48000, lengthbytes=4128, lengthpcm=67333, pcmblocksize=0, loopstart=0, loopend=0, mode=0x00000000, channelmask=0x00000000, channelorder=0, peakvolume=0.077360.
[LOG] SystemI::createSoundInternal             : Create name='', mode=0x02000202
[LOG] SystemI::createSoundInternal             : exinfo->cbsize             = 224
[LOG] SystemI::createSoundInternal             : exinfo->length             = 2087136
[LOG] SystemI::createSoundInternal             : exinfo->fileoffset         = 44160
[LOG] SystemI::createSoundInternal             : exinfo->numsubsounds       = 1
[LOG] SystemI::createSoundInternal             : exinfo->inclusionlist      = 0000001E58DFF118
[LOG] SystemI::createSoundInternal             : exinfo->inclusionlistnum   = 1
[LOG] SystemI::createSoundInternal             : exinfo->suggestedsoundtype = 5
[LOG] SystemI::createSoundInternal             : exinfo->useropen           = 00007FFCF4597B10
[LOG] SystemI::createSoundInternal             : exinfo->userclose          = 00007FFCF4597AE0
[LOG] SystemI::createSoundInternal             : exinfo->userread           = 00007FFCF4597BE0
[LOG] SystemI::createSoundInternal             : exinfo->userseek           = 00007FFCF4597CA0
[LOG] SystemI::createSoundInternal             : exinfo->fileuserdata       = 000001DFB57FC5C8
[LOG] SystemI::createSoundInternal             : exinfo->initialseekpostype = 1
[LOG] SystemI::DSPCodecPoolRegister            : register codec pool for pool type 5
[LOG] SystemI::createSoundInternal             : Sample 0/1: name='Step_Wood_-010', format=5, channels=2, frequency=48000, lengthbytes=3840, lengthpcm=66333, pcmblocksize=0, loopstart=0, loopend=0, mode=0x00000000, channelmask=0x00000000, channelorder=0, peakvolume=0.028984.
[LOG] SystemI::createSoundInternal             : Create name='', mode=0x02000202
[LOG] SystemI::createSoundInternal             : exinfo->cbsize             = 224
[LOG] SystemI::createSoundInternal             : exinfo->length             = 2087136
[LOG] SystemI::createSoundInternal             : exinfo->fileoffset         = 44160
[LOG] SystemI::createSoundInternal             : exinfo->numsubsounds       = 1
[LOG] SystemI::createSoundInternal             : exinfo->inclusionlist      = 0000001E58DFF118
[LOG] SystemI::createSoundInternal             : exinfo->inclusionlistnum   = 1
[LOG] SystemI::createSoundInternal             : exinfo->suggestedsoundtype = 5
[LOG] SystemI::createSoundInternal             : exinfo->useropen           = 00007FFCF4597B10
[LOG] SystemI::createSoundInternal             : exinfo->userclose          = 00007FFCF4597AE0
[LOG] SystemI::createSoundInternal             : exinfo->userread           = 00007FFCF4597BE0
[LOG] SystemI::createSoundInternal             : exinfo->userseek           = 00007FFCF4597CA0
[LOG] SystemI::createSoundInternal             : exinfo->fileuserdata       = 000001DFB57FC5C8
[LOG] SystemI::createSoundInternal             : exinfo->initialseekpostype = 1
[LOG] SystemI::DSPCodecPoolRegister            : register codec pool for pool type 5
[LOG] SystemI::createSoundInternal             : Sample 0/1: name='Step_Wood_-002', format=5, channels=2, frequency=48000, lengthbytes=4192, lengthpcm=67666, pcmblocksize=0, loopstart=0, loopend=0, mode=0x00000000, channelmask=0x00000000, channelorder=0, peakvolume=0.155952.
[LOG] SystemI::createSoundInternal             : Create name='', mode=0x02000202
[LOG] SystemI::createSoundInternal             : exinfo->cbsize             = 224
[LOG] SystemI::createSoundInternal             : exinfo->length             = 2087136
[LOG] SystemI::createSoundInternal             : exinfo->fileoffset         = 44160
[LOG] SystemI::createSoundInternal             : exinfo->numsubsounds       = 1
[LOG] SystemI::createSoundInternal             : exinfo->inclusionlist      = 0000001E58DFF118
[LOG] SystemI::createSoundInternal             : exinfo->inclusionlistnum   = 1
[LOG] SystemI::createSoundInternal             : exinfo->suggestedsoundtype = 5
[LOG] SystemI::createSoundInternal             : exinfo->useropen           = 00007FFCF4597B10
[LOG] SystemI::createSoundInternal             : exinfo->userclose          = 00007FFCF4597AE0
[LOG] SystemI::createSoundInternal             : exinfo->userread           = 00007FFCF4597BE0
[LOG] SystemI::createSoundInternal             : exinfo->userseek           = 00007FFCF4597CA0
[LOG] SystemI::createSoundInternal             : exinfo->fileuserdata       = 000001DFB57FC5C8
[LOG] SystemI::createSoundInternal             : exinfo->initialseekpostype = 1
[LOG] SystemI::DSPCodecPoolRegister            : register codec pool for pool type 5
[LOG] SystemI::createSoundInternal             : Sample 0/1: name='Step_Wood_-009', format=5, channels=2, frequency=48000, lengthbytes=4192, lengthpcm=68000, pcmblocksize=0, loopstart=0, loopend=0, mode=0x00000000, channelmask=0x00000000, channelorder=0, peakvolume=0.067217.
[LOG] SystemI::createSoundInternal             : Create name='', mode=0x02000202
[LOG] SystemI::createSoundInternal             : exinfo->cbsize             = 224
[LOG] SystemI::createSoundInternal             : exinfo->length             = 2087136
[LOG] SystemI::createSoundInternal             : exinfo->fileoffset         = 44160
[LOG] SystemI::createSoundInternal             : exinfo->numsubsounds       = 1
[LOG] SystemI::createSoundInternal             : exinfo->inclusionlist      = 0000001E58DFF118
[LOG] SystemI::createSoundInternal             : exinfo->inclusionlistnum   = 1
[LOG] SystemI::createSoundInternal             : exinfo->suggestedsoundtype = 5
[LOG] SystemI::createSoundInternal             : exinfo->useropen           = 00007FFCF4597B10
[LOG] SystemI::createSoundInternal             : exinfo->userclose          = 00007FFCF4597AE0
[LOG] SystemI::createSoundInternal             : exinfo->userread           = 00007FFCF4597BE0
[LOG] SystemI::createSoundInternal             : exinfo->userseek           = 00007FFCF4597CA0
[LOG] SystemI::createSoundInternal             : exinfo->fileuserdata       = 000001DFB57FC5C8
[LOG] SystemI::createSoundInternal             : exinfo->initialseekpostype = 1
[LOG] SystemI::DSPCodecPoolRegister            : register codec pool for pool type 5
[LOG] SystemI::createSoundInternal             : Sample 0/1: name='Step_Wood_-006', format=5, channels=2, frequency=48000, lengthbytes=4256, lengthpcm=68333, pcmblocksize=0, loopstart=0, loopend=0, mode=0x00000000, channelmask=0x00000000, channelorder=0, peakvolume=0.039242.
[LOG] SystemI::createSoundInternal             : Create name='', mode=0x02000202
[LOG] SystemI::createSoundInternal             : exinfo->cbsize             = 224
[LOG] SystemI::createSoundInternal             : exinfo->length             = 2087136
[LOG] SystemI::createSoundInternal             : exinfo->fileoffset         = 44160
[LOG] SystemI::createSoundInternal             : exinfo->numsubsounds       = 1
[LOG] SystemI::createSoundInternal             : exinfo->inclusionlist      = 0000001E58DFF118
[LOG] SystemI::createSoundInternal             : exinfo->inclusionlistnum   = 1
[LOG] SystemI::createSoundInternal             : exinfo->suggestedsoundtype = 5
[LOG] SystemI::createSoundInternal             : exinfo->useropen           = 00007FFCF4597B10
[LOG] SystemI::createSoundInternal             : exinfo->userclose          = 00007FFCF4597AE0
[LOG] SystemI::createSoundInternal             : exinfo->userread           = 00007FFCF4597BE0
[LOG] SystemI::createSoundInternal             : exinfo->userseek           = 00007FFCF4597CA0
[LOG] SystemI::createSoundInternal             : exinfo->fileuserdata       = 000001DFB57FC5C8
[LOG] SystemI::createSoundInternal             : exinfo->initialseekpostype = 1
[LOG] SystemI::DSPCodecPoolRegister            : register codec pool for pool type 5
[LOG] SystemI::createSoundInternal             : Sample 0/1: name='Step_Metal_003', format=5, channels=2, frequency=48000, lengthbytes=2624, lengthpcm=12127, pcmblocksize=0, loopstart=0, loopend=0, mode=0x00000000, channelmask=0x00000000, channelorder=0, peakvolume=0.050080.
[LOG] Manager::readBank                        : fileversion = 135, compatVersion = 132 (oldest = 44, newest = 135)
[LOG] Manager::readBank                        : fileversion = 135, compatVersion = 132 (oldest = 44, newest = 135)
[LOG] SystemI::createSound                     : filename = Assets\AudioFMOD\Build\Desktop/Master.bank : mode 02010082
[LOG] SystemI::createSound                     : FMOD_NONBLOCKING specified.  Putting into queue to be opened asynchronously!
[LOG] SystemI::createSound                     : setdata soundi = 000001DFA1CE0968 : node = 000001DFB5469B00
[LOG] SystemI::createSound                     : add node to async list : head = 000001DFB2B4F0D8.  list count = 0
[LOG] AsyncThread::threadFunc                  : Starting Asynchronous operation on sound 000001DFA1CE0968
[LOG] SystemI::createSoundInternal             :     Create name='Assets\AudioFMOD\Build\Desktop/Master.bank', mode=0x02010082
[LOG] SystemI::createSoundInternal             :     exinfo->cbsize             = 224
[LOG] SystemI::createSoundInternal             :     exinfo->length             = 2087136
[LOG] SystemI::createSoundInternal             :     exinfo->fileoffset         = 44160
[LOG] SystemI::createSoundInternal             :     exinfo->numsubsounds       = 1
[LOG] SystemI::createSoundInternal             :     exinfo->inclusionlist      = 000001DFB5469C10
[LOG] SystemI::createSoundInternal             :     exinfo->inclusionlistnum   = 1
[LOG] SystemI::createSoundInternal             :     exinfo->suggestedsoundtype = 5
[LOG] SystemI::createSoundInternal             :     exinfo->initialseekpostype = 1
[LOG] SystemI::createSoundInternal             :     Stream 0/1: name='turningpin_tuning', format=5, channels=2, frequency=48000, lengthbytes=207392, lengthpcm=742111, pcmblocksize=0, loopstart=0, loopend=0, mode=0x00000000, channelmask=0x00000000, channelorder=0, peakvolume=0.140594.
[LOG] SystemI::createSoundInternal             :     Create name='', mode=0x02000202
[LOG] SystemI::createSoundInternal             :     exinfo->cbsize             = 224
[LOG] SystemI::createSoundInternal             :     exinfo->length             = 2087136
[LOG] SystemI::createSoundInternal             :     exinfo->fileoffset         = 44160
[LOG] SystemI::createSoundInternal             :     exinfo->numsubsounds       = 1
[LOG] SystemI::createSoundInternal             :     exinfo->inclusionlist      = 0000001E58DFF118
[LOG] SystemI::createSoundInternal             :     exinfo->inclusionlistnum   = 1
[LOG] SystemI::createSoundInternal             :     exinfo->suggestedsoundtype = 5
[LOG] SystemI::createSoundInternal             :     exinfo->useropen           = 00007FFCF4597B10
[LOG] SystemI::createSoundInternal             :     exinfo->userclose          = 00007FFCF4597AE0
[LOG] SystemI::createSoundInternal             :     exinfo->userread           = 00007FFCF4597BE0
[LOG] SystemI::createSoundInternal             :     exinfo->userseek           = 00007FFCF4597CA0
[LOG] SystemI::createSoundInternal             :     exinfo->fileuserdata       = 000001DFB57FBD88
[LOG] SystemI::createSoundInternal             :     exinfo->initialseekpostype = 1
[LOG] SystemI::DSPCodecPoolRegister            :     register codec pool for pool type 5
[LOG] SystemI::createSoundInternal             :     Sample 0/1: name='testing_pin_piano_key', format=5, channels=2, frequency=48000, lengthbytes=27488, lengthpcm=117009, pcmblocksize=0, loopstart=0, loopend=0, mode=0x00000000, channelmask=0x00000000, channelorder=0, peakvolume=0.228058.
[LOG] AsyncThread::threadFunc                  : Finished Asynchronous operation on sound 000001DFA1CE0968
[WRN] SoundSourceInstrumentInstance::startChannelIfReady : Loading delay exceeded, sound may play at incorrect time
[LOG] AsyncThread::threadFunc                  : Starting Asynchronous operation on sound 000001DFA1CE0CC8
[LOG] AsyncThread::threadFunc                  : Finished Asynchronous operation on sound 000001DFA1CE0CC8
[LOG] Manager::readBank                        : fileversion = 135, compatVersion = 132 (oldest = 44, newest = 135)
[LOG] Manager::readBank                        : fileversion = 135, compatVersion = 132 (oldest = 44, newest = 135)
[LOG] AsyncThread::threadFunc                  : Starting Asynchronous operation on sound 000001DFA1CE0CC8
[LOG] AsyncThread::threadFunc                  : Finished Asynchronous operation on sound 000001DFA1CE0CC8
[LOG] AsyncThread::threadFunc                  : Starting Asynchronous operation on sound 000001DFA1CE0CC8
[LOG] AsyncThread::threadFunc                  : Finished Asynchronous operation on sound 000001DFA1CE0CC8
[LOG] ChannelI::forceVirtual                   : Ignoring force virtual since channel just went real
[LOG] AsyncThread::threadFunc                  : Starting Asynchronous operation on sound 000001DFA1CE0CC8
[LOG] AsyncThread::threadFunc                  : Finished Asynchronous operation on sound 000001DFA1CE0CC8
[LOG] AsyncThread::threadFunc                  : Starting Asynchronous operation on sound 000001DFA1CE0CC8
[LOG] AsyncThread::threadFunc                  : Finished Asynchronous operation on sound 000001DFA1CE0CC8
[LOG] AsyncThread::threadFunc                  : Starting Asynchronous operation on sound 000001DFA1CE0CC8
[LOG] AsyncThread::threadFunc                  : Finished Asynchronous operation on sound 000001DFA1CE0CC8
[LOG] AsyncThread::threadFunc                  : Starting Asynchronous operation on sound 000001DFA1CE0CC8
[LOG] AsyncThread::threadFunc                  : Finished Asynchronous operation on sound 000001DFA1CE0CC8
[LOG] ChannelI::forceVirtual                   : Ignoring force virtual since channel just went real
[LOG] AsyncThread::threadFunc                  : Starting Asynchronous operation on sound 000001DFA1CE0CC8
[LOG] AsyncThread::threadFunc                  : Finished Asynchronous operation on sound 000001DFA1CE0CC8
[LOG] AsyncThread::threadFunc                  : Starting Asynchronous operation on sound 000001DFA1CE0CC8
[LOG] AsyncThread::threadFunc                  : Finished Asynchronous operation on sound 000001DFA1CE0CC8
[LOG] ChannelI::forceVirtual                   : Ignoring force virtual since channel just went real
[LOG] AsyncThread::threadFunc                  : Starting Asynchronous operation on sound 000001DFA1CE0CC8
[LOG] AsyncThread::threadFunc                  : Finished Asynchronous operation on sound 000001DFA1CE0CC8
[LOG] AsyncThread::threadFunc                  : Starting Asynchronous operation on sound 000001DFA1CE0CC8
[LOG] AsyncThread::threadFunc                  : Finished Asynchronous operation on sound 000001DFA1CE0CC8
[LOG] AsyncThread::threadFunc                  : Starting Asynchronous operation on sound 000001DFA1CE0CC8
[LOG] AsyncThread::threadFunc                  : Finished Asynchronous operation on sound 000001DFA1CE0CC8
[LOG] ChannelI::forceVirtual                   : Ignoring force virtual since channel just went real
[LOG] AsyncThread::threadFunc                  : Starting Asynchronous operation on sound 000001DFA1CE0CC8
[LOG] AsyncThread::threadFunc                  : Finished Asynchronous operation on sound 000001DFA1CE0CC8
[LOG] AsyncThread::threadFunc                  : Starting Asynchronous operation on sound 000001DFA1CE0CC8
[LOG] AsyncThread::threadFunc                  : Finished Asynchronous operation on sound 000001DFA1CE0CC8
[LOG] SoundI::release                          :  (000001E046C41EE8)
[LOG] SoundI::release                          :     StartGameButtonSound (000001DFA1B7EF88)
[LOG] SoundI::release                          :  (000001E0396F8548)
[LOG] SoundI::release                          :     testing_pin_piano_key (000001DFB3F635A8)
[LOG] SoundI::release                          :  (000001E046C40958)
[LOG] SoundI::release                          :     WoodCreaking001 (000001DFB15137D8)
[LOG] SoundI::release                          :  (000001E046C3F988)
[LOG] SoundI::release                          :     WoodCreaking002 (000001DFB15132F8)
[LOG] SoundI::release                          :  (000001E046C424A8)
[LOG] SoundI::release                          :     WoodCreaking003 (000001DFB1A2B7F8)
[LOG] SoundI::release                          :  (000001E046C36B38)
[LOG] SoundI::release                          :     WoodCreaking004 (000001DFB1A2B178)
[LOG] SoundI::release                          :  (000001E046C355A8)
[LOG] SoundI::release                          :     WoodCreaking005 (000001DFB1A2B318)
[LOG] SoundI::release                          :  (000001E046C36E18)
[LOG] SoundI::release                          :     WoodCreaking006 (000001DFB1A2BCD8)
[LOG] SoundI::release                          : turningpin_tuning (000001DFA1CE0968)
[LOG] SoundI::release                          :     turningpin_tuning (000001DFB2EB70E8)
[LOG] SoundI::release                          :     turningpin_tuning (000001DFA1CE0CC8)
[LOG] SoundI::release                          : background_drone (000001E046295C68)
[LOG] SoundI::release                          :     background_drone (000001DFB170F3E8)
[LOG] SoundI::release                          :     background_drone (000001E046294318)
[LOG] SoundI::release                          :  (000001E046C3E848)
[LOG] SoundI::release                          :     WoodCreaking007 (000001DFB1513978)
[LOG] SoundI::release                          :  (000001E046C42338)
[LOG] SoundI::release                          :     WoodCreaking008 (000001DFB1A2B4B8)
[LOG] SoundI::release                          :  (000001E046C338E8)
[LOG] SoundI::release                          :     PianoMoving001 (000001DFB1A2B658)
[LOG] SoundI::release                          :  (000001E046C34A28)
[LOG] SoundI::release                          :     PianoMoving002 (000001DFB1A2B998)
[LOG] SoundI::release                          :  (000001E046C3E9B8)
[LOG] SoundI::release                          :     WoodFalling (000001DFB1A2AFD8)
[LOG] SoundI::release                          :  (000001E039C09A28)
[LOG] SoundI::release                          :     Step_Metal_001 (000001DFB2EB87A8)
[LOG] SoundI::release                          :  (000001E039C0A2C8)
[LOG] SoundI::release                          :     Step_Metal_002 (000001DFB2EB7908)
[LOG] SoundI::release                          :  (000001E039C11178)
[LOG] SoundI::release                          :     Step_Metal_003 (000001DFB2EB7768)
[LOG] SoundI::release                          :  (000001E039C10768)
[LOG] SoundI::release                          :     Step_Metal_004 (000001DFB2EB6A68)
[LOG] SoundI::release                          :  (000001E039C101A8)
[LOG] SoundI::release                          :     Step_Metal_005 (000001DFB2EB8C88)
[LOG] SoundI::release                          :  (000001E039C09748)
[LOG] SoundI::release                          :     Step_Metal_006 (000001DFB2EB7DE8)
[LOG] SoundI::release                          :  (000001E039C0B128)
[LOG] SoundI::release                          :     Step_Metal_007 (000001DFB2EB82C8)
[LOG] SoundI::release                          :  (000001E039C122B8)
[LOG] SoundI::release                          :     Step_Metal_008 (000001DFB2EB5208)
[LOG] SoundI::release                          :  (000001E039C098B8)
[LOG] SoundI::release                          :     Step_Wood_-001 (000001DFB2EB53A8)
[LOG] SoundI::release                          :  (000001E039C11008)
[LOG] SoundI::release                          :     Step_Wood_-002 (000001DFB2EB60A8)
[LOG] SoundI::release                          :  (000001E039C09FE8)
[LOG] SoundI::release                          :     Step_Wood_-003 (000001DFB2EB7F88)
[LOG] SoundI::release                          :  (000001E039C0F798)
[LOG] SoundI::release                          :     Step_Wood_-004 (000001DFB2EB5D68)
[LOG] SoundI::release                          :  (000001E039C0D518)
[LOG] SoundI::release                          :     Step_Wood_-005 (000001DFB2EB8E28)
[LOG] SoundI::release                          :  (000001E039C0FD58)
[LOG] SoundI::release                          :     Step_Wood_-006 (000001DFB2EB75C8)
[LOG] SoundI::release                          :  (000001E039C0F628)
[LOG] SoundI::release                          :     Step_Wood_-007 (000001DFB2EB8468)
[LOG] SoundI::release                          :  (000001E039C0E4E8)
[LOG] SoundI::release                          :     Step_Wood_-008 (000001DFB2EB8AE8)
[LOG] SoundI::release                          :  (000001E039C0D7F8)
[LOG] SoundI::release                          :     Step_Wood_-009 (000001DFB2EB6F48)
[LOG] SoundI::release                          :  (000001E039C115C8)
[LOG] SoundI::release                          :     Step_Wood_-010 (000001DFB2EB56E8)
[LOG] SoundI::release                          :  (000001E039C0AFB8)
[LOG] SoundI::release                          :     Step_Wood_-011 (000001DFB2EB68C8)
[LOG] Thread::callback                         : FMOD Studio update thread finished.
[LOG] Thread::callback                         : FMOD Studio bank load thread finished.
[LOG] Profile::disconnectAll                   : Profiler disconnecting all clients
[LOG] Thread::callback                         : FMOD Studio sample load thread finished.
[LOG] LiveUpdate::release                      : 
[LOG] LiveUpdate::reset                        : Reset connection (reason Disconnected)
[LOG] Thread::callback                         : FMOD stream thread finished.
[LOG] Thread::callback                         : FMOD mixer thread finished.
[LOG] Profile::disconnectAll                   : Profiler disconnecting all clients
[LOG] SystemI::close                           : Closed.
[LOG] Manager::readBank                        : fileversion = 135, compatVersion = 132 (oldest = 44, newest = 135)
[LOG] Manager::readBank                        : fileversion = 135, compatVersion = 132 (oldest = 44, newest = 135)
[LOG] Manager::readBank                        : fileversion = 135, compatVersion = 132 (oldest = 44, newest = 135)
[LOG] Manager::readBank                        : fileversion = 135, compatVersion = 132 (oldest = 44, newest = 135)
[LOG] Manager::readBank                        : fileversion = 135, compatVersion = 132 (oldest = 44, newest = 135)
[LOG] Manager::readBank                        : fileversion = 135, compatVersion = 132 (oldest = 44, newest = 135)
[LOG] PlaybackSystem::acquireMasterBus         : Setting master channel group format to 6
[LOG] Manager::readBank                        : fileversion = 135, compatVersion = 132 (oldest = 44, newest = 135)
[LOG] PlaybackSystem::acquireMasterBus         : Setting master channel group format to 6
[LOG] SystemI::createSound                     : filename = Assets/AudioFMOD/Build/Desktop/Master.bank : mode 02010082
[LOG] SystemI::createSound                     : FMOD_NONBLOCKING specified.  Putting into queue to be opened asynchronously!
[LOG] SystemI::createSound                     : setdata soundi = 000001E046287538 : node = 000001DFB54680C0
[LOG] SystemI::createSound                     : add node to async list : head = 000001DFB2B4F0D8.  list count = 0
[LOG] AsyncThread::threadFunc                  : Starting Asynchronous operation on sound 000001E046287538
[LOG] SystemI::createSoundInternal             :     Create name='Assets/AudioFMOD/Build/Desktop/Master.bank', mode=0x02010082
[LOG] SystemI::createSoundInternal             :     exinfo->cbsize             = 224
[LOG] SystemI::createSoundInternal             :     exinfo->length             = 2087136
[LOG] SystemI::createSoundInternal             :     exinfo->fileoffset         = 44160
[LOG] SystemI::createSoundInternal             :     exinfo->numsubsounds       = 1
[LOG] SystemI::createSoundInternal             :     exinfo->inclusionlist      = 000001DFB54681D0
[LOG] SystemI::createSoundInternal             :     exinfo->inclusionlistnum   = 1
[LOG] SystemI::createSoundInternal             :     exinfo->suggestedsoundtype = 5
[LOG] SystemI::createSoundInternal             :     exinfo->initialseekpostype = 1
[LOG] SystemI::createSoundInternal             :     Stream 0/1: name='turningpin_tuning', format=5, channels=2, frequency=48000, lengthbytes=207392, lengthpcm=742111, pcmblocksize=0, loopstart=0, loopend=0, mode=0x00000000, channelmask=0x00000000, channelorder=0, peakvolume=0.140594.
[LOG] AsyncThread::threadFunc                  : Finished Asynchronous operation on sound 000001E046287538
[LOG] SoundI::release                          : turningpin_tuning (000001E046287538)
[LOG] SoundI::release                          :     turningpin_tuning (000001DFB170F3E8)
[LOG] SoundI::release                          :     turningpin_tuning (000001E04628C128)
[LOG] Thread::callback                         : FMOD Studio bank load thread finished.
[LOG] Thread::callback                         : FMOD Studio sample load thread finished.
[LOG] LiveUpdate::release                      : 
[LOG] LiveUpdate::reset                        : Reset connection (reason Disconnected)
[LOG] Thread::callback                         : FMOD stream thread finished.
[LOG] Thread::callback                         : FMOD mixer thread finished.
[LOG] SystemI::close                           : Closed.
[LOG] Thread::callback                         : FMOD nonblocking thread (0) finished.
[LOG] Thread::callback                         : FMOD file thread finished.
